<?xml version="1.0" encoding="UTF-8"?>
<!-- Generated by org.testng.reporters.JUnitReportReporter -->
<testsuite hostname="LAPTOP-KB7KK6RH" failures="0" tests="1" name="coreJavaTraining.demo" time="0.012" errors="0" timestamp="2022-06-13T19:38:57 IST" skipped="0">
  <testcase classname="coreJavaTraining.demo" name="stringdefine" time="0.012"/>
  <system-out/>
</testsuite> <!-- coreJavaTraining.demo -->
